#
# There is insufficient memory for the Java Runtime Environment to continue.
# Native memory allocation (malloc) failed to allocate 1117264 bytes for Chunk::new
# Possible reasons:
#   The system is out of physical RAM or swap space
#   The process is running with CompressedOops enabled, and the Java Heap may be blocking the growth of the native heap
# Possible solutions:
#   Reduce memory load on the system
#   Increase physical memory or swap space
#   Check if swap backing store is full
#   Decrease Java heap size (-Xmx/-Xms)
#   Decrease number of Java threads
#   Decrease Java thread stack sizes (-Xss)
#   Set larger code cache with -XX:ReservedCodeCacheSize=
#   JVM is running with Unscaled Compressed Oops mode in which the Java heap is
#     placed in the first 4GB address space. The Java Heap base address is the
#     maximum limit for the native heap growth. Please use -XX:HeapBaseMinAddress
#     to set the Java Heap base and to place the Java Heap above 4GB virtual address.
# This output file may be truncated or incomplete.
#
#  Out of Memory Error (arena.cpp:189), pid=37156, tid=31868
#
# JRE version: Java(TM) SE Runtime Environment (17.0.12+8) (build 17.0.12+8-LTS-286)
# Java VM: Java HotSpot(TM) 64-Bit Server VM (17.0.12+8-LTS-286, mixed mode, sharing, tiered, compressed oops, compressed class ptrs, g1 gc, windows-amd64)
# No core dump will be written. Minidumps are not enabled by default on client versions of Windows
#

---------------  S U M M A R Y ------------

Command Line: -Xmx64m -Xms64m -Dorg.gradle.appname=gradlew C:\Users\sel.annamaria.james\Telematics_81\android\\gradle\wrapper\gradle-wrapper.jar app:installDebug -PreactNativeDevServerPort=8081

Host: Intel(R) Core(TM) i7-14700, 28 cores, 15G,  Windows 11 , 64 bit Build 26100 (10.0.26100.4768)
Time: Thu Aug 28 14:23:12 2025 India Standard Time elapsed time: 4.818441 seconds (0d 0h 0m 4s)

---------------  T H R E A D  ---------------

Current thread (0x000001d816b624a0):  JavaThread "C2 CompilerThread3" daemon [_thread_in_native, id=31868, stack(0x0000007f4fd00000,0x0000007f4fe00000)]


Current CompileTask:
C2:   4818  848       4       java.util.jar.JarFile::getEntry (35 bytes)

Stack: [0x0000007f4fd00000,0x0000007f4fe00000]
Native frames: (J=compiled Java code, j=interpreted, Vv=VM code, C=native code)
V  [jvm.dll+0x67a04a]
V  [jvm.dll+0x7da4ed]
V  [jvm.dll+0x7dbe33]
V  [jvm.dll+0x7dc4a3]
V  [jvm.dll+0x24508f]
V  [jvm.dll+0xab773]
V  [jvm.dll+0xabd3c]
V  [jvm.dll+0x361bee]
V  [jvm.dll+0x32c431]
V  [jvm.dll+0x32b8ca]
V  [jvm.dll+0x21683f]
V  [jvm.dll+0x215c6f]
V  [jvm.dll+0x1a2960]
V  [jvm.dll+0x22610b]
V  [jvm.dll+0x2242ab]
V  [jvm.dll+0x79075c]
V  [jvm.dll+0x78abea]
V  [jvm.dll+0x678f35]
C  [ucrtbase.dll+0x37b0]
C  [KERNEL32.DLL+0x2e8d7]
C  [ntdll.dll+0x3c34c]


---------------  P R O C E S S  ---------------

Threads class SMR info:
_java_thread_list=0x000001d85cb79a80, length=16, elements={
0x000001d87b180b20, 0x000001d87fb10f70, 0x000001d87fb11b30, 0x000001d87fb2ae40,
0x000001d87fb2c810, 0x000001d87fb2d1d0, 0x000001d87fb2db90, 0x000001d87fb2e880,
0x000001d87fb3b2b0, 0x000001d87fb3f5c0, 0x000001d816a53fb0, 0x000001d816a5a670,
0x000001d816c99fa0, 0x000001d816c9a4c0, 0x000001d816b624a0, 0x000001d816bad3f0
}

Java Threads: ( => current thread )
  0x000001d87b180b20 JavaThread "main" [_thread_in_vm, id=34584, stack(0x0000007f4e400000,0x0000007f4e500000)]
  0x000001d87fb10f70 JavaThread "Reference Handler" daemon [_thread_blocked, id=26820, stack(0x0000007f4eb00000,0x0000007f4ec00000)]
  0x000001d87fb11b30 JavaThread "Finalizer" daemon [_thread_blocked, id=35536, stack(0x0000007f4ec00000,0x0000007f4ed00000)]
  0x000001d87fb2ae40 JavaThread "Signal Dispatcher" daemon [_thread_blocked, id=35768, stack(0x0000007f4ed00000,0x0000007f4ee00000)]
  0x000001d87fb2c810 JavaThread "Attach Listener" daemon [_thread_blocked, id=10704, stack(0x0000007f4ee00000,0x0000007f4ef00000)]
  0x000001d87fb2d1d0 JavaThread "Service Thread" daemon [_thread_blocked, id=22680, stack(0x0000007f4ef00000,0x0000007f4f000000)]
  0x000001d87fb2db90 JavaThread "Monitor Deflation Thread" daemon [_thread_blocked, id=20644, stack(0x0000007f4f000000,0x0000007f4f100000)]
  0x000001d87fb2e880 JavaThread "C2 CompilerThread0" daemon [_thread_in_native, id=34404, stack(0x0000007f4f100000,0x0000007f4f200000)]
  0x000001d87fb3b2b0 JavaThread "C1 CompilerThread0" daemon [_thread_blocked, id=12572, stack(0x0000007f4f200000,0x0000007f4f300000)]
  0x000001d87fb3f5c0 JavaThread "Sweeper thread" daemon [_thread_blocked, id=18420, stack(0x0000007f4f300000,0x0000007f4f400000)]
  0x000001d816a53fb0 JavaThread "Notification Thread" daemon [_thread_blocked, id=33436, stack(0x0000007f4f500000,0x0000007f4f600000)]
  0x000001d816a5a670 JavaThread "Common-Cleaner" daemon [_thread_blocked, id=24560, stack(0x0000007f4f700000,0x0000007f4f800000)]
  0x000001d816c99fa0 JavaThread "C2 CompilerThread1" daemon [_thread_blocked, id=34532, stack(0x0000007f4f800000,0x0000007f4f900000)]
  0x000001d816c9a4c0 JavaThread "C2 CompilerThread2" daemon [_thread_blocked, id=35788, stack(0x0000007f4f900000,0x0000007f4fa00000)]
=>0x000001d816b624a0 JavaThread "C2 CompilerThread3" daemon [_thread_in_native, id=31868, stack(0x0000007f4fd00000,0x0000007f4fe00000)]
  0x000001d816bad3f0 JavaThread "C2 CompilerThread4" daemon [_thread_blocked, id=29136, stack(0x0000007f4fe00000,0x0000007f4ff00000)]

Other Threads:
  0x000001d87fb0a4b0 VMThread "VM Thread" [stack: 0x0000007f4ea00000,0x0000007f4eb00000] [id=25064]
  0x000001d87b1f0bd0 WatcherThread [stack: 0x0000007f4f600000,0x0000007f4f700000] [id=23988]
  0x000001d87b1a2ea0 GCTaskThread "GC Thread#0" [stack: 0x0000007f4e500000,0x0000007f4e600000] [id=28940]
  0x000001d816c9edb0 GCTaskThread "GC Thread#1" [stack: 0x0000007f4fa00000,0x0000007f4fb00000] [id=29932]
  0x000001d85c074000 GCTaskThread "GC Thread#2" [stack: 0x0000007f4fb00000,0x0000007f4fc00000] [id=32140]
  0x000001d85c1469a0 GCTaskThread "GC Thread#3" [stack: 0x0000007f4fc00000,0x0000007f4fd00000] [id=34040]
  0x000001d87b19ca20 ConcurrentGCThread "G1 Main Marker" [stack: 0x0000007f4e600000,0x0000007f4e700000] [id=18980]
  0x000001d87b1a6ac0 ConcurrentGCThread "G1 Conc#0" [stack: 0x0000007f4e700000,0x0000007f4e800000] [id=35996]
  0x000001d87f9ca800 ConcurrentGCThread "G1 Refine#0" [stack: 0x0000007f4e800000,0x0000007f4e900000] [id=35072]
  0x000001d87f9cbef0 ConcurrentGCThread "G1 Service" [stack: 0x0000007f4e900000,0x0000007f4ea00000] [id=37620]

Threads with active compile tasks:
C2 CompilerThread0     5849  850   !   4       jdk.internal.loader.URLClassPath$JarLoader::getResource (65 bytes)
C2 CompilerThread3     5849  848       4       java.util.jar.JarFile::getEntry (35 bytes)

VM state: not at safepoint (normal execution)

VM Mutex/Monitor currently owned by a thread:  ([mutex/lock_event])
[0x000001d8786e68a0] Metaspace_lock - owner thread: 0x000001d87b180b20

Heap address: 0x00000000fc000000, size: 64 MB, Compressed Oops mode: 32-bit

CDS archive(s) mapped at: [0x000001d817000000-0x000001d817bd0000-0x000001d817bd0000), size 12386304, SharedBaseAddress: 0x000001d817000000, ArchiveRelocationMode: 1.
Compressed class space mapped at: 0x000001d818000000-0x000001d858000000, reserved size: 1073741824
Narrow klass base: 0x000001d817000000, Narrow klass shift: 0, Narrow klass range: 0x100000000

GC Precious Log:
 CPUs: 28 total, 28 available
 Memory: 16070M
 Large Page Support: Disabled
 NUMA Support: Disabled
 Compressed Oops: Enabled (32-bit)
 Heap Region Size: 1M
 Heap Min Capacity: 64M
 Heap Initial Capacity: 64M
 Heap Max Capacity: 64M
 Pre-touch: Disabled
 Parallel Workers: 20
 Concurrent Workers: 5
 Concurrent Refinement Workers: 20
 Periodic GC: Disabled

Heap:
 garbage-first heap   total 65536K, used 15296K [0x00000000fc000000, 0x0000000100000000)
  region size 1024K, 14 young (14336K), 2 survivors (2048K)
 Metaspace       used 2711K, committed 2880K, reserved 1114112K
  class space    used 280K, committed 384K, reserved 1048576K

Heap Regions: E=young(eden), S=young(survivor), O=old, HS=humongous(starts), HC=humongous(continues), CS=collection set, F=free, OA=open archive, CA=closed archive, TAMS=top-at-mark-start (previous, next)
|   0|0x00000000fc000000, 0x00000000fc100000, 0x00000000fc100000|100%|HS|  |TAMS 0x00000000fc000000, 0x00000000fc000000| Complete 
|   1|0x00000000fc100000, 0x00000000fc200000, 0x00000000fc200000|100%|HC|  |TAMS 0x00000000fc100000, 0x00000000fc100000| Complete 
|   2|0x00000000fc200000, 0x00000000fc300000, 0x00000000fc300000|100%|HC|  |TAMS 0x00000000fc200000, 0x00000000fc200000| Complete 
|   3|0x00000000fc300000, 0x00000000fc300000, 0x00000000fc400000|  0%| F|  |TAMS 0x00000000fc300000, 0x00000000fc300000| Untracked 
|   4|0x00000000fc400000, 0x00000000fc400000, 0x00000000fc500000|  0%| F|  |TAMS 0x00000000fc400000, 0x00000000fc400000| Untracked 
|   5|0x00000000fc500000, 0x00000000fc500000, 0x00000000fc600000|  0%| F|  |TAMS 0x00000000fc500000, 0x00000000fc500000| Untracked 
|   6|0x00000000fc600000, 0x00000000fc600000, 0x00000000fc700000|  0%| F|  |TAMS 0x00000000fc600000, 0x00000000fc600000| Untracked 
|   7|0x00000000fc700000, 0x00000000fc700000, 0x00000000fc800000|  0%| F|  |TAMS 0x00000000fc700000, 0x00000000fc700000| Untracked 
|   8|0x00000000fc800000, 0x00000000fc800000, 0x00000000fc900000|  0%| F|  |TAMS 0x00000000fc800000, 0x00000000fc800000| Untracked 
|   9|0x00000000fc900000, 0x00000000fc900000, 0x00000000fca00000|  0%| F|  |TAMS 0x00000000fc900000, 0x00000000fc900000| Untracked 
|  10|0x00000000fca00000, 0x00000000fca00000, 0x00000000fcb00000|  0%| F|  |TAMS 0x00000000fca00000, 0x00000000fca00000| Untracked 
|  11|0x00000000fcb00000, 0x00000000fcb00000, 0x00000000fcc00000|  0%| F|  |TAMS 0x00000000fcb00000, 0x00000000fcb00000| Untracked 
|  12|0x00000000fcc00000, 0x00000000fcc00000, 0x00000000fcd00000|  0%| F|  |TAMS 0x00000000fcc00000, 0x00000000fcc00000| Untracked 
|  13|0x00000000fcd00000, 0x00000000fcd00000, 0x00000000fce00000|  0%| F|  |TAMS 0x00000000fcd00000, 0x00000000fcd00000| Untracked 
|  14|0x00000000fce00000, 0x00000000fce00000, 0x00000000fcf00000|  0%| F|  |TAMS 0x00000000fce00000, 0x00000000fce00000| Untracked 
|  15|0x00000000fcf00000, 0x00000000fcf00000, 0x00000000fd000000|  0%| F|  |TAMS 0x00000000fcf00000, 0x00000000fcf00000| Untracked 
|  16|0x00000000fd000000, 0x00000000fd000000, 0x00000000fd100000|  0%| F|  |TAMS 0x00000000fd000000, 0x00000000fd000000| Untracked 
|  17|0x00000000fd100000, 0x00000000fd100000, 0x00000000fd200000|  0%| F|  |TAMS 0x00000000fd100000, 0x00000000fd100000| Untracked 
|  18|0x00000000fd200000, 0x00000000fd200000, 0x00000000fd300000|  0%| F|  |TAMS 0x00000000fd200000, 0x00000000fd200000| Untracked 
|  19|0x00000000fd300000, 0x00000000fd300000, 0x00000000fd400000|  0%| F|  |TAMS 0x00000000fd300000, 0x00000000fd300000| Untracked 
|  20|0x00000000fd400000, 0x00000000fd400000, 0x00000000fd500000|  0%| F|  |TAMS 0x00000000fd400000, 0x00000000fd400000| Untracked 
|  21|0x00000000fd500000, 0x00000000fd500000, 0x00000000fd600000|  0%| F|  |TAMS 0x00000000fd500000, 0x00000000fd500000| Untracked 
|  22|0x00000000fd600000, 0x00000000fd600000, 0x00000000fd700000|  0%| F|  |TAMS 0x00000000fd600000, 0x00000000fd600000| Untracked 
|  23|0x00000000fd700000, 0x00000000fd700000, 0x00000000fd800000|  0%| F|  |TAMS 0x00000000fd700000, 0x00000000fd700000| Untracked 
|  24|0x00000000fd800000, 0x00000000fd800000, 0x00000000fd900000|  0%| F|  |TAMS 0x00000000fd800000, 0x00000000fd800000| Untracked 
|  25|0x00000000fd900000, 0x00000000fd900000, 0x00000000fda00000|  0%| F|  |TAMS 0x00000000fd900000, 0x00000000fd900000| Untracked 
|  26|0x00000000fda00000, 0x00000000fda00000, 0x00000000fdb00000|  0%| F|  |TAMS 0x00000000fda00000, 0x00000000fda00000| Untracked 
|  27|0x00000000fdb00000, 0x00000000fdb00000, 0x00000000fdc00000|  0%| F|  |TAMS 0x00000000fdb00000, 0x00000000fdb00000| Untracked 
|  28|0x00000000fdc00000, 0x00000000fdc00000, 0x00000000fdd00000|  0%| F|  |TAMS 0x00000000fdc00000, 0x00000000fdc00000| Untracked 
|  29|0x00000000fdd00000, 0x00000000fdd00000, 0x00000000fde00000|  0%| F|  |TAMS 0x00000000fdd00000, 0x00000000fdd00000| Untracked 
|  30|0x00000000fde00000, 0x00000000fde00000, 0x00000000fdf00000|  0%| F|  |TAMS 0x00000000fde00000, 0x00000000fde00000| Untracked 
|  31|0x00000000fdf00000, 0x00000000fdf00000, 0x00000000fe000000|  0%| F|  |TAMS 0x00000000fdf00000, 0x00000000fdf00000| Untracked 
|  32|0x00000000fe000000, 0x00000000fe000000, 0x00000000fe100000|  0%| F|  |TAMS 0x00000000fe000000, 0x00000000fe000000| Untracked 
|  33|0x00000000fe100000, 0x00000000fe100000, 0x00000000fe200000|  0%| F|  |TAMS 0x00000000fe100000, 0x00000000fe100000| Untracked 
|  34|0x00000000fe200000, 0x00000000fe200000, 0x00000000fe300000|  0%| F|  |TAMS 0x00000000fe200000, 0x00000000fe200000| Untracked 
|  35|0x00000000fe300000, 0x00000000fe300000, 0x00000000fe400000|  0%| F|  |TAMS 0x00000000fe300000, 0x00000000fe300000| Untracked 
|  36|0x00000000fe400000, 0x00000000fe400000, 0x00000000fe500000|  0%| F|  |TAMS 0x00000000fe400000, 0x00000000fe400000| Untracked 
|  37|0x00000000fe500000, 0x00000000fe500000, 0x00000000fe600000|  0%| F|  |TAMS 0x00000000fe500000, 0x00000000fe500000| Untracked 
|  38|0x00000000fe600000, 0x00000000fe600000, 0x00000000fe700000|  0%| F|  |TAMS 0x00000000fe600000, 0x00000000fe600000| Untracked 
|  39|0x00000000fe700000, 0x00000000fe7f0000, 0x00000000fe800000| 93%| S|CS|TAMS 0x00000000fe700000, 0x00000000fe700000| Complete 
|  40|0x00000000fe800000, 0x00000000fe900000, 0x00000000fe900000|100%| S|CS|TAMS 0x00000000fe800000, 0x00000000fe800000| Complete 
|  41|0x00000000fe900000, 0x00000000fe900000, 0x00000000fea00000|  0%| F|  |TAMS 0x00000000fe900000, 0x00000000fe900000| Untracked 
|  42|0x00000000fea00000, 0x00000000fea00000, 0x00000000feb00000|  0%| F|  |TAMS 0x00000000fea00000, 0x00000000fea00000| Untracked 
|  43|0x00000000feb00000, 0x00000000feb00000, 0x00000000fec00000|  0%| F|  |TAMS 0x00000000feb00000, 0x00000000feb00000| Untracked 
|  44|0x00000000fec00000, 0x00000000fec00000, 0x00000000fed00000|  0%| F|  |TAMS 0x00000000fec00000, 0x00000000fec00000| Untracked 
|  45|0x00000000fed00000, 0x00000000fed00000, 0x00000000fee00000|  0%| F|  |TAMS 0x00000000fed00000, 0x00000000fed00000| Untracked 
|  46|0x00000000fee00000, 0x00000000fee00000, 0x00000000fef00000|  0%| F|  |TAMS 0x00000000fee00000, 0x00000000fee00000| Untracked 
|  47|0x00000000fef00000, 0x00000000fef00000, 0x00000000ff000000|  0%| F|  |TAMS 0x00000000fef00000, 0x00000000fef00000| Untracked 
|  48|0x00000000ff000000, 0x00000000ff000000, 0x00000000ff100000|  0%| F|  |TAMS 0x00000000ff000000, 0x00000000ff000000| Untracked 
|  49|0x00000000ff100000, 0x00000000ff100000, 0x00000000ff200000|  0%| F|  |TAMS 0x00000000ff100000, 0x00000000ff100000| Untracked 
|  50|0x00000000ff200000, 0x00000000ff200000, 0x00000000ff300000|  0%| F|  |TAMS 0x00000000ff200000, 0x00000000ff200000| Untracked 
|  51|0x00000000ff300000, 0x00000000ff300000, 0x00000000ff400000|  0%| F|  |TAMS 0x00000000ff300000, 0x00000000ff300000| Untracked 
|  52|0x00000000ff400000, 0x00000000ff500000, 0x00000000ff500000|100%| E|  |TAMS 0x00000000ff400000, 0x00000000ff400000| Complete 
|  53|0x00000000ff500000, 0x00000000ff600000, 0x00000000ff600000|100%| E|CS|TAMS 0x00000000ff500000, 0x00000000ff500000| Complete 
|  54|0x00000000ff600000, 0x00000000ff700000, 0x00000000ff700000|100%| E|CS|TAMS 0x00000000ff600000, 0x00000000ff600000| Complete 
|  55|0x00000000ff700000, 0x00000000ff800000, 0x00000000ff800000|100%| E|CS|TAMS 0x00000000ff700000, 0x00000000ff700000| Complete 
|  56|0x00000000ff800000, 0x00000000ff900000, 0x00000000ff900000|100%| E|CS|TAMS 0x00000000ff800000, 0x00000000ff800000| Complete 
|  57|0x00000000ff900000, 0x00000000ffa00000, 0x00000000ffa00000|100%| E|CS|TAMS 0x00000000ff900000, 0x00000000ff900000| Complete 
|  58|0x00000000ffa00000, 0x00000000ffb00000, 0x00000000ffb00000|100%| E|CS|TAMS 0x00000000ffa00000, 0x00000000ffa00000| Complete 
|  59|0x00000000ffb00000, 0x00000000ffc00000, 0x00000000ffc00000|100%| E|CS|TAMS 0x00000000ffb00000, 0x00000000ffb00000| Complete 
|  60|0x00000000ffc00000, 0x00000000ffd00000, 0x00000000ffd00000|100%| E|  |TAMS 0x00000000ffc00000, 0x00000000ffc00000| Complete 
|  61|0x00000000ffd00000, 0x00000000ffe00000, 0x00000000ffe00000|100%| E|CS|TAMS 0x00000000ffd00000, 0x00000000ffd00000| Complete 
|  62|0x00000000ffe00000, 0x00000000fff00000, 0x00000000fff00000|100%| E|CS|TAMS 0x00000000ffe00000, 0x00000000ffe00000| Complete 
|  63|0x00000000fff00000, 0x0000000100000000, 0x0000000100000000|100%| E|CS|TAMS 0x00000000fff00000, 0x00000000fff00000| Complete 

Card table byte_map: [0x000001d878c30000,0x000001d878c50000] _byte_map_base: 0x000001d878450000

Marking Bits (Prev, Next): (CMBitMap*) 0x000001d87b1a34c0, (CMBitMap*) 0x000001d87b1a3500
 Prev Bits: [0x000001d87c230000, 0x000001d87c330000)
 Next Bits: [0x000001d87c330000, 0x000001d87c430000)

Polling page: 0x000001d8789d0000

Metaspace:

Usage:
  Non-class:      2.37 MB used.
      Class:    280.48 KB used.
       Both:      2.65 MB used.

Virtual space:
  Non-class space:       64.00 MB reserved,       2.44 MB (  4%) committed,  1 nodes.
      Class space:        1.00 GB reserved,     384.00 KB ( <1%) committed,  1 nodes.
             Both:        1.06 GB reserved,       2.81 MB ( <1%) committed. 

Chunk freelists:
   Non-Class:  11.36 MB
       Class:  15.61 MB
        Both:  26.97 MB

MaxMetaspaceSize: unlimited
CompressedClassSpaceSize: 1.00 GB
Initial GC threshold: 21.00 MB
Current GC threshold: 21.00 MB
CDS: on
MetaspaceReclaimPolicy: balanced
 - commit_granule_bytes: 65536.
 - commit_granule_words: 8192.
 - virtual_space_node_default_size: 8388608.
 - enlarge_chunks_in_place: 1.
 - new_chunks_are_fully_committed: 0.
 - uncommit_free_chunks: 1.
 - use_allocation_guard: 0.
 - handle_deallocations: 1.


Internal statistics:

num_allocs_failed_limit: 0.
num_arena_births: 14.
num_arena_deaths: 0.
num_vsnodes_births: 2.
num_vsnodes_deaths: 0.
num_space_committed: 45.
num_space_uncommitted: 0.
num_chunks_returned_to_freelist: 0.
num_chunks_taken_from_freelist: 61.
num_chunk_merges: 0.
num_chunk_splits: 40.
num_chunks_enlarged: 33.
num_inconsistent_stats: 0.

CodeHeap 'non-profiled nmethods': size=119168Kb used=428Kb max_used=428Kb free=118739Kb
 bounds [0x000001d80f390000, 0x000001d80f600000, 0x000001d8167f0000]
CodeHeap 'profiled nmethods': size=119104Kb used=1770Kb max_used=1770Kb free=117333Kb
 bounds [0x000001d8077f0000, 0x000001d807a60000, 0x000001d80ec40000]
CodeHeap 'non-nmethods': size=7488Kb used=1122Kb max_used=1716Kb free=6365Kb
 bounds [0x000001d80ec40000, 0x000001d80eeb0000, 0x000001d80f390000]
 total_blobs=1309 nmethods=905 adapters=317
 compilation: enabled
              stopped_count=0, restarted_count=0
 full_count=0

Compilation events (20 events):
Event: 3.797 Thread 0x000001d87fb3b2b0 nmethod 891 0x000001d8079a0a90 code [0x000001d8079a0c40, 0x000001d8079a0e68]
Event: 3.797 Thread 0x000001d87fb3b2b0  893       3       jdk.internal.org.objectweb.asm.Frame::push (109 bytes)
Event: 3.797 Thread 0x000001d87fb3b2b0 nmethod 893 0x000001d8079a1010 code [0x000001d8079a11e0, 0x000001d8079a1768]
Event: 3.797 Thread 0x000001d87fb3b2b0  886       3       jdk.internal.org.objectweb.asm.SymbolTable::addConstantClass (8 bytes)
Event: 3.797 Thread 0x000001d816c99fa0 nmethod 849 0x000001d80f3f4910 code [0x000001d80f3f4c40, 0x000001d80f3f7448]
Event: 3.797 Thread 0x000001d87fb3b2b0 nmethod 886 0x000001d8079a1910 code [0x000001d8079a1aa0, 0x000001d8079a1be8]
Event: 3.797 Thread 0x000001d87fb3b2b0  892       1       jdk.internal.org.objectweb.asm.SymbolTable::getMajorVersion (5 bytes)
Event: 3.798 Thread 0x000001d87fb3b2b0 nmethod 892 0x000001d80f3f8a10 code [0x000001d80f3f8ba0, 0x000001d80f3f8c78]
Event: 3.798 Thread 0x000001d87fb3b2b0  888       1       java.lang.reflect.Method::getName (5 bytes)
Event: 3.798 Thread 0x000001d87fb3b2b0 nmethod 888 0x000001d80f3f8d10 code [0x000001d80f3f8ea0, 0x000001d80f3f8f78]
Event: 3.798 Thread 0x000001d87fb3b2b0  890       3       java.lang.String::valueOf (15 bytes)
Event: 3.798 Thread 0x000001d87fb3b2b0 nmethod 890 0x000001d8079a1c90 code [0x000001d8079a1e40, 0x000001d8079a2048]
Event: 3.799 Thread 0x000001d87fb3b2b0  894       3       sun.reflect.generics.parser.SignatureParser::current (59 bytes)
Event: 3.799 Thread 0x000001d87fb3b2b0 nmethod 894 0x000001d8079a2110 code [0x000001d8079a2320, 0x000001d8079a29f8]
Event: 3.799 Thread 0x000001d87fb3b2b0  895       3       sun.reflect.generics.parser.SignatureParser::advance (53 bytes)
Event: 3.800 Thread 0x000001d87fb3b2b0 nmethod 895 0x000001d8079a2c90 code [0x000001d8079a2e40, 0x000001d8079a3098]
Event: 3.800 Thread 0x000001d87fb3b2b0  896       3       java.lang.Character::isWhitespace (5 bytes)
Event: 3.800 Thread 0x000001d87fb3b2b0 nmethod 896 0x000001d8079a3190 code [0x000001d8079a3340, 0x000001d8079a3598]
Event: 3.800 Thread 0x000001d87fb3b2b0  897       3       java.lang.Character::isWhitespace (9 bytes)
Event: 3.800 Thread 0x000001d87fb3b2b0 nmethod 897 0x000001d8079a3690 code [0x000001d8079a3840, 0x000001d8079a3a38]

GC Heap History (2 events):
Event: 1.504 GC heap before
{Heap before GC invocations=0 (full 0):
 garbage-first heap   total 65536K, used 22528K [0x00000000fc000000, 0x0000000100000000)
  region size 1024K, 23 young (23552K), 0 survivors (0K)
 Metaspace       used 1720K, committed 1856K, reserved 1114112K
  class space    used 156K, committed 192K, reserved 1048576K
}
Event: 1.506 GC heap after
{Heap after GC invocations=1 (full 0):
 garbage-first heap   total 65536K, used 1984K [0x00000000fc000000, 0x0000000100000000)
  region size 1024K, 2 young (2048K), 2 survivors (2048K)
 Metaspace       used 1720K, committed 1856K, reserved 1114112K
  class space    used 156K, committed 192K, reserved 1048576K
}

Deoptimization events (20 events):
Event: 1.694 Thread 0x000001d87b180b20 Uncommon trap: trap_request=0xffffff45 fr.pc=0x000001d80f3d3a24 relative=0x0000000000000964
Event: 1.694 Thread 0x000001d87b180b20 Uncommon trap: reason=unstable_if action=reinterpret pc=0x000001d80f3d3a24 method=java.util.zip.ZipCoder$UTF8ZipCoder.checkedHash([BII)I @ 27 c2
Event: 1.694 Thread 0x000001d87b180b20 DEOPT PACKING pc=0x000001d80f3d3a24 sp=0x0000007f4e4fc1e0
Event: 1.694 Thread 0x000001d87b180b20 DEOPT UNPACKING pc=0x000001d80ec923a3 sp=0x0000007f4e4fc138 mode 2
Event: 1.694 Thread 0x000001d87b180b20 Uncommon trap: trap_request=0xffffff45 fr.pc=0x000001d80f3992bc relative=0x00000000000001bc
Event: 1.694 Thread 0x000001d87b180b20 Uncommon trap: reason=unstable_if action=reinterpret pc=0x000001d80f3992bc method=java.lang.String.hashCode()I @ 20 c2
Event: 1.694 Thread 0x000001d87b180b20 DEOPT PACKING pc=0x000001d80f3992bc sp=0x0000007f4e4fc070
Event: 1.694 Thread 0x000001d87b180b20 DEOPT UNPACKING pc=0x000001d80ec923a3 sp=0x0000007f4e4fc000 mode 2
Event: 1.694 Thread 0x000001d87b180b20 Uncommon trap: trap_request=0xffffff45 fr.pc=0x000001d80f3d5a98 relative=0x0000000000000178
Event: 1.694 Thread 0x000001d87b180b20 Uncommon trap: reason=unstable_if action=reinterpret pc=0x000001d80f3d5a98 method=java.util.zip.ZipFile$Source.isMetaName([BII)Z @ 57 c2
Event: 1.694 Thread 0x000001d87b180b20 DEOPT PACKING pc=0x000001d80f3d5a98 sp=0x0000007f4e4fc280
Event: 1.694 Thread 0x000001d87b180b20 DEOPT UNPACKING pc=0x000001d80ec923a3 sp=0x0000007f4e4fc210 mode 2
Event: 1.706 Thread 0x000001d87b180b20 DEOPT PACKING pc=0x000001d80791ad43 sp=0x0000007f4e4fc600
Event: 1.706 Thread 0x000001d87b180b20 DEOPT UNPACKING pc=0x000001d80ec92b43 sp=0x0000007f4e4fbb20 mode 0
Event: 2.752 Thread 0x000001d87b180b20 DEOPT PACKING pc=0x000001d8079180d7 sp=0x0000007f4e4fd010
Event: 2.752 Thread 0x000001d87b180b20 DEOPT UNPACKING pc=0x000001d80ec92b43 sp=0x0000007f4e4fc470 mode 0
Event: 3.793 Thread 0x000001d87b180b20 Uncommon trap: trap_request=0xffffff45 fr.pc=0x000001d80f3c6e5c relative=0x000000000000005c
Event: 3.793 Thread 0x000001d87b180b20 Uncommon trap: reason=unstable_if action=reinterpret pc=0x000001d80f3c6e5c method=java.util.LinkedHashMap.afterNodeInsertion(Z)V @ 1 c2
Event: 3.793 Thread 0x000001d87b180b20 DEOPT PACKING pc=0x000001d80f3c6e5c sp=0x0000007f4e4fd6f0
Event: 3.793 Thread 0x000001d87b180b20 DEOPT UNPACKING pc=0x000001d80ec923a3 sp=0x0000007f4e4fd670 mode 2

Classes unloaded (0 events):
No events

Classes redefined (0 events):
No events

Internal exceptions (1 events):
Event: 1.308 Thread 0x000001d87b180b20 Exception <a 'java/lang/NoSuchMethodError'{0x00000000ffc19fb0}: 'int java.lang.invoke.DirectMethodHandle$Holder.invokeStaticInit(java.lang.Object, java.lang.Object)'> (0x00000000ffc19fb0) 
thrown [s\open\src\hotspot\share\interpreter\linkResolver.cpp, line 759]

VM Operations (11 events):
Event: 1.229 Executing VM operation: Cleanup
Event: 1.229 Executing VM operation: Cleanup done
Event: 1.256 Executing VM operation: HandshakeAllThreads
Event: 1.256 Executing VM operation: HandshakeAllThreads done
Event: 1.504 Executing VM operation: G1CollectForAllocation
Event: 1.506 Executing VM operation: G1CollectForAllocation done
Event: 2.513 Executing VM operation: Cleanup
Event: 2.514 Executing VM operation: Cleanup done
Event: 3.525 Executing VM operation: Cleanup
Event: 3.780 Executing VM operation: Cleanup done
Event: 4.780 Executing VM operation: Cleanup

Events (20 events):
Event: 3.790 loading class sun/reflect/annotation/AnnotationType$1 done
Event: 3.790 loading class sun/reflect/annotation/ExceptionProxy
Event: 3.790 loading class sun/reflect/annotation/ExceptionProxy done
Event: 3.790 loading class java/lang/annotation/Retention
Event: 3.790 loading class java/lang/annotation/Retention done
Event: 3.790 loading class java/lang/annotation/Inherited
Event: 3.791 Thread 0x000001d816a7a870 Thread exited: 0x000001d816a7a870
Event: 3.791 loading class java/lang/annotation/Inherited done
Event: 3.791 loading class java/lang/annotation/RetentionPolicy
Event: 3.791 loading class java/lang/annotation/RetentionPolicy done
Event: 3.791 loading class sun/reflect/annotation/AnnotationTypeMismatchExceptionProxy
Event: 3.791 loading class sun/reflect/annotation/AnnotationTypeMismatchExceptionProxy done
Event: 3.791 loading class sun/reflect/annotation/AnnotationParser$1
Event: 3.791 loading class sun/reflect/annotation/AnnotationParser$1 done
Event: 3.791 loading class sun/reflect/annotation/AnnotationInvocationHandler
Event: 3.791 loading class sun/reflect/annotation/AnnotationInvocationHandler done
Event: 3.792 loading class java/lang/annotation/Target
Event: 3.792 loading class java/lang/annotation/Target done
Event: 3.798 loading class java/lang/reflect/InvocationTargetException
Event: 3.798 loading class java/lang/reflect/InvocationTargetException done


Dynamic libraries:
0x00007ff798010000 - 0x00007ff798020000 	C:\Users\sel.annamaria.james\Java\jdk-17.0.12\bin\java.exe
0x00007ffb22840000 - 0x00007ffb22aa7000 	C:\Windows\SYSTEM32\ntdll.dll
0x00007ffb20a00000 - 0x00007ffb20ac9000 	C:\Windows\System32\KERNEL32.DLL
0x00007ffb1fdb0000 - 0x00007ffb201a0000 	C:\Windows\System32\KERNELBASE.dll
0x00007ffb1f080000 - 0x00007ffb1f226000 	C:\Windows\system32\hmpalert.dll
0x00007ffb1eec0000 - 0x00007ffb1f07a000 	C:\Windows\System32\SophosED\SophosED.dll
0x00007ffb1f970000 - 0x00007ffb1fabb000 	C:\Windows\System32\ucrtbase.dll
0x00007ffacd900000 - 0x00007ffacd91b000 	C:\Users\sel.annamaria.james\Java\jdk-17.0.12\bin\VCRUNTIME140.dll
0x00007ffad1bd0000 - 0x00007ffad1be9000 	C:\Users\sel.annamaria.james\Java\jdk-17.0.12\bin\jli.dll
0x00007ffb207c0000 - 0x00007ffb20874000 	C:\Windows\System32\ADVAPI32.dll
0x00007ffb21680000 - 0x00007ffb21729000 	C:\Windows\System32\msvcrt.dll
0x00007ffb21040000 - 0x00007ffb210e6000 	C:\Windows\System32\sechost.dll
0x00007ffb20b50000 - 0x00007ffb20c68000 	C:\Windows\System32\RPCRT4.dll
0x00007ffb20c70000 - 0x00007ffb20e35000 	C:\Windows\System32\USER32.dll
0x00007ffb1fd80000 - 0x00007ffb1fda7000 	C:\Windows\System32\win32u.dll
0x00007ffb205d0000 - 0x00007ffb205fb000 	C:\Windows\System32\GDI32.dll
0x00007ffb1fc40000 - 0x00007ffb1fd78000 	C:\Windows\System32\gdi32full.dll
0x00007ffb203d0000 - 0x00007ffb20473000 	C:\Windows\System32\msvcp_win.dll
0x00007ffb01360000 - 0x00007ffb015fa000 	C:\Windows\WinSxS\amd64_microsoft.windows.common-controls_6595b64144ccf1df_6.0.26100.4768_none_3e0c112ce331287c\COMCTL32.dll
0x00007ffb19210000 - 0x00007ffb1921b000 	C:\Windows\SYSTEM32\VERSION.dll
0x00007ffb21630000 - 0x00007ffb2165f000 	C:\Windows\System32\IMM32.DLL
0x00007ffaf6a60000 - 0x00007ffaf6a6c000 	C:\Users\sel.annamaria.james\Java\jdk-17.0.12\bin\vcruntime140_1.dll
0x00007ffac3c20000 - 0x00007ffac3cae000 	C:\Users\sel.annamaria.james\Java\jdk-17.0.12\bin\msvcp140.dll
0x00007ffaa85f0000 - 0x00007ffaa91d0000 	C:\Users\sel.annamaria.james\Java\jdk-17.0.12\bin\server\jvm.dll
0x00007ffb21760000 - 0x00007ffb21768000 	C:\Windows\System32\PSAPI.DLL
0x00007ffb11080000 - 0x00007ffb110b5000 	C:\Windows\SYSTEM32\WINMM.dll
0x00007ffb04a70000 - 0x00007ffb04a7a000 	C:\Windows\SYSTEM32\WSOCK32.dll
0x00007ffb206f0000 - 0x00007ffb20764000 	C:\Windows\System32\WS2_32.dll
0x00007ffb1e340000 - 0x00007ffb1e35b000 	C:\Windows\SYSTEM32\kernel.appcore.dll
0x00007ffaf6170000 - 0x00007ffaf617a000 	C:\Users\sel.annamaria.james\Java\jdk-17.0.12\bin\jimage.dll
0x00007ffb1cd10000 - 0x00007ffb1cf51000 	C:\Windows\SYSTEM32\DBGHELP.DLL
0x00007ffb212a0000 - 0x00007ffb21625000 	C:\Windows\System32\combase.dll
0x00007ffb20600000 - 0x00007ffb206e0000 	C:\Windows\System32\OLEAUT32.dll
0x00007ffb158e0000 - 0x00007ffb15923000 	C:\Windows\SYSTEM32\dbgcore.DLL
0x00007ffb201b0000 - 0x00007ffb20249000 	C:\Windows\System32\bcryptPrimitives.dll
0x00007ffacce60000 - 0x00007ffacce85000 	C:\Users\sel.annamaria.james\Java\jdk-17.0.12\bin\java.dll
0x00007ffac3fe0000 - 0x00007ffac40b7000 	C:\Users\sel.annamaria.james\Java\jdk-17.0.12\bin\jsvml.dll
0x00007ffb21770000 - 0x00007ffb21ebd000 	C:\Windows\System32\SHELL32.dll
0x00007ffb1fac0000 - 0x00007ffb1fc33000 	C:\Windows\System32\wintypes.dll
0x00007ffb1cf90000 - 0x00007ffb1d7f0000 	C:\Windows\SYSTEM32\windows.storage.dll
0x00007ffb21fc0000 - 0x00007ffb220b5000 	C:\Windows\System32\SHCORE.dll
0x00007ffb21f40000 - 0x00007ffb21faa000 	C:\Windows\System32\shlwapi.dll
0x00007ffb1f890000 - 0x00007ffb1f8b9000 	C:\Windows\SYSTEM32\profapi.dll
0x00007ffade960000 - 0x00007ffade979000 	C:\Users\sel.annamaria.james\Java\jdk-17.0.12\bin\net.dll
0x00007ffb198c0000 - 0x00007ffb199de000 	C:\Windows\SYSTEM32\WINHTTP.dll
0x00007ffb1e8b0000 - 0x00007ffb1e91b000 	C:\Windows\system32\mswsock.dll
0x00007ffaccb50000 - 0x00007ffaccb66000 	C:\Users\sel.annamaria.james\Java\jdk-17.0.12\bin\nio.dll
0x00007ffad9ba0000 - 0x00007ffad9bb8000 	C:\Users\sel.annamaria.james\Java\jdk-17.0.12\bin\zip.dll
0x00007ffb09bc0000 - 0x00007ffb09bd0000 	C:\Users\sel.annamaria.james\Java\jdk-17.0.12\bin\verify.dll

dbghelp: loaded successfully - version: 4.0.5 - missing functions: none
symbol engine: initialized successfully - sym options: 0x614 - pdb path: .;C:\Users\sel.annamaria.james\Java\jdk-17.0.12\bin;C:\Windows\SYSTEM32;C:\Windows\System32\SophosED;C:\Windows\WinSxS\amd64_microsoft.windows.common-controls_6595b64144ccf1df_6.0.26100.4768_none_3e0c112ce331287c;C:\Users\sel.annamaria.james\Java\jdk-17.0.12\bin\server

VM Arguments:
jvm_args: -Xmx64m -Xms64m -Dorg.gradle.appname=gradlew 
java_command: C:\Users\sel.annamaria.james\Telematics_81\android\\gradle\wrapper\gradle-wrapper.jar app:installDebug -PreactNativeDevServerPort=8081
java_class_path (initial): C:\Users\sel.annamaria.james\Telematics_81\android\\gradle\wrapper\gradle-wrapper.jar
Launcher Type: SUN_STANDARD

[Global flags]
     intx CICompilerCount                          = 12                                        {product} {ergonomic}
     uint ConcGCThreads                            = 5                                         {product} {ergonomic}
     uint G1ConcRefinementThreads                  = 20                                        {product} {ergonomic}
   size_t G1HeapRegionSize                         = 1048576                                   {product} {ergonomic}
    uintx GCDrainStackTargetSize                   = 64                                        {product} {ergonomic}
   size_t InitialHeapSize                          = 67108864                                  {product} {command line}
   size_t MarkStackSize                            = 4194304                                   {product} {ergonomic}
   size_t MaxHeapSize                              = 67108864                                  {product} {command line}
   size_t MaxNewSize                               = 39845888                                  {product} {ergonomic}
   size_t MinHeapDeltaBytes                        = 1048576                                   {product} {ergonomic}
   size_t MinHeapSize                              = 67108864                                  {product} {command line}
    uintx NonNMethodCodeHeapSize                   = 7602480                                {pd product} {ergonomic}
    uintx NonProfiledCodeHeapSize                  = 122027880                              {pd product} {ergonomic}
    uintx ProfiledCodeHeapSize                     = 122027880                              {pd product} {ergonomic}
    uintx ReservedCodeCacheSize                    = 251658240                              {pd product} {ergonomic}
     bool SegmentedCodeCache                       = true                                      {product} {ergonomic}
   size_t SoftMaxHeapSize                          = 67108864                               {manageable} {ergonomic}
     bool UseCompressedClassPointers               = true                           {product lp64_product} {ergonomic}
     bool UseCompressedOops                        = true                           {product lp64_product} {ergonomic}
     bool UseG1GC                                  = true                                      {product} {ergonomic}
     bool UseLargePagesIndividualAllocation        = false                                  {pd product} {ergonomic}

Logging:
Log output configuration:
 #0: stdout all=warning uptime,level,tags
 #1: stderr all=off uptime,level,tags

Environment Variables:
JAVA_HOME=C:\Users\sel.annamaria.james\Java\jdk-17.0.12
PATH=C:\Users\sel.annamaria.james\Telematics_81\node_modules\.bin;C:\Users\sel.annamaria.james\Telematics_81\node_modules\.bin;C:\Users\sel.annamaria.james\node_modules\.bin;C:\Users\node_modules\.bin;C:\node_modules\.bin;C:\Users\sel.annamaria.james\AppData\Roaming\npm\node_modules\npm\node_modules\@npmcli\run-script\lib\node-gyp-bin;C:\Python313\Scripts\;C:\Python313\;C:\Program Files (x86)\Common Files\Oracle\Java\java8path;C:\Program Files (x86)\Common Files\Oracle\Java\javapath;C:\Windows\system32;C:\Windows;C:\Windows\System32\Wbem;C:\Windows\System32\WindowsPowerShell\v1.0\;C:\Windows\System32\OpenSSH\;C:\Program Files\dotnet\;C:\Users\sel.annamaria.james\Java\jdk-17.0.12;C:\ProgramData\chocolatey\bin;C:\Users\sel.annamaria.james\Java\jdk-17.0.12\bin;C:\Program Files\nodejs\;C:\Users\sel.annamaria.james\AppData\Local\Android\Sdk\platform-tools;C:\Users\sel.annamaria.james\AppData\Local\Microsoft\WindowsApps;C:\Users\sel.annamaria.james\AppData\Local\Programs\Git\cmd;C:\Users\sel.annamaria.james\AppData\Roaming\npm;C:\Users\sel.annamaria.james\AppData\Local\Programs\Microsoft VS Code\bin
USERNAME=sel.annamaria.James
LANG=en_US.UTF-8
OS=Windows_NT
PROCESSOR_IDENTIFIER=Intel64 Family 6 Model 183 Stepping 1, GenuineIntel



---------------  S Y S T E M  ---------------

OS:
 Windows 11 , 64 bit Build 26100 (10.0.26100.4768)
OS uptime: 0 days 5:29 hours
Hyper-V role detected

CPU: total 28 (initial active 28) (14 cores per cpu, 2 threads per core) family 6 model 183 stepping 1 microcode 0x12c, cx8, cmov, fxsr, ht, mmx, 3dnowpref, sse, sse2, sse3, ssse3, sse4.1, sse4.2, popcnt, lzcnt, tsc, tscinvbit, avx, avx2, aes, erms, clmul, bmi1, bmi2, adx, sha, fma, vzeroupper, clflush, clflushopt, clwb, hv

Memory: 4k page, system-wide physical 16070M (1221M free)
TotalPageFile size 65222M (AvailPageFile size 0M)
current process WorkingSet (physical memory assigned to process): 102M, peak: 102M
current process commit charge ("private bytes"): 207M, peak: 208M

vm_info: Java HotSpot(TM) 64-Bit Server VM (17.0.12+8-LTS-286) for windows-amd64 JRE (17.0.12+8-LTS-286), built on Jun  5 2024 06:46:59 by "mach5one" with MS VC++ 17.6 (VS2022)

END.
